<?xml version="1.0" encoding="UTF-8"?>
<testsuite name="OkHttpLoginTest" tests="1" skipped="0" failures="0" errors="0" timestamp="2022-02-08T09:54:07" hostname="MacBook-Pro-pinhas.local" time="1.065">
  <properties/>
  <testcase name="loginTestPositive" classname="OkHttpLoginTest" time="1.065"/>
  <system-out><![CDATA[]]></system-out>
  <system-err><![CDATA[]]></system-err>
</testsuite>
